nohup: ignoring input
[HLT] Initializing DynaMITE-RL (Hierarchical) for GridWorldAlternate...
Checkpoints: checkpoints_hlt/run_2025-12-09_14-49-54
TensorBoard: logs/dynamite_gridworld_hlt/run_2025-12-09_14-49-54
[HLT] Starting Training...
[HLT] Iter   10 | Train R: -2.33 | Eval R: -1.14 (+/- 3.24) | VAE Loss: 0.8225 | RL Loss: 0.4215
    >>> [HLT] New Best Saved: checkpoints_hlt/run_2025-12-09_14-49-54/best_model_2025-12-09_14-49-54_iter10.pt! Reward: -1.14
[HLT] Iter   20 | Train R: -1.07 | Eval R: 4.46 (+/- 9.05) | VAE Loss: 0.7381 | RL Loss: 0.4845
    >>> [HLT] New Best Saved: checkpoints_hlt/run_2025-12-09_14-49-54/best_model_2025-12-09_14-49-54_iter20.pt! Reward: 4.46
[HLT] Iter   30 | Train R: 1.16 | Eval R: 4.16 (+/- 8.82) | VAE Loss: 0.6946 | RL Loss: 0.9593
[HLT] Iter   40 | Train R: 7.98 | Eval R: 5.90 (+/- 8.04) | VAE Loss: 0.6818 | RL Loss: 3.6995
    >>> [HLT] New Best Saved: checkpoints_hlt/run_2025-12-09_14-49-54/best_model_2025-12-09_14-49-54_iter40.pt! Reward: 5.90
[HLT] Iter   50 | Train R: 8.36 | Eval R: 3.85 (+/- 7.67) | VAE Loss: 0.5626 | RL Loss: 5.0201
[HLT] Iter   60 | Train R: 14.47 | Eval R: 6.49 (+/- 5.84) | VAE Loss: 0.5461 | RL Loss: 5.4302
    >>> [HLT] New Best Saved: checkpoints_hlt/run_2025-12-09_14-49-54/best_model_2025-12-09_14-49-54_iter60.pt! Reward: 6.49
[HLT] Iter   70 | Train R: 11.79 | Eval R: 8.09 (+/- 10.29) | VAE Loss: 0.5278 | RL Loss: 6.1544
    >>> [HLT] New Best Saved: checkpoints_hlt/run_2025-12-09_14-49-54/best_model_2025-12-09_14-49-54_iter70.pt! Reward: 8.09
[HLT] Iter   80 | Train R: 9.19 | Eval R: 5.67 (+/- 5.09) | VAE Loss: 0.4678 | RL Loss: 3.5531
[HLT] Iter   90 | Train R: 9.12 | Eval R: 15.39 (+/- 14.38) | VAE Loss: 0.4895 | RL Loss: 4.2544
    >>> [HLT] New Best Saved: checkpoints_hlt/run_2025-12-09_14-49-54/best_model_2025-12-09_14-49-54_iter90.pt! Reward: 15.39
[HLT] Iter  100 | Train R: 10.23 | Eval R: 10.59 (+/- 12.17) | VAE Loss: 0.4818 | RL Loss: 6.0129
[HLT] Iter  110 | Train R: 10.28 | Eval R: 14.12 (+/- 13.57) | VAE Loss: 0.4827 | RL Loss: 4.3065
[HLT] Iter  120 | Train R: 19.36 | Eval R: 21.44 (+/- 9.78) | VAE Loss: 0.5258 | RL Loss: 8.8267
    >>> [HLT] New Best Saved: checkpoints_hlt/run_2025-12-09_14-49-54/best_model_2025-12-09_14-49-54_iter120.pt! Reward: 21.44
[HLT] Iter  130 | Train R: 13.79 | Eval R: 13.87 (+/- 7.94) | VAE Loss: 0.4892 | RL Loss: 7.6972
[HLT] Iter  140 | Train R: 17.81 | Eval R: 8.15 (+/- 8.87) | VAE Loss: 0.5187 | RL Loss: 9.3528
[HLT] Iter  150 | Train R: 10.69 | Eval R: 9.20 (+/- 5.41) | VAE Loss: 0.4608 | RL Loss: 7.0696
[HLT] Iter  160 | Train R: 16.42 | Eval R: 17.20 (+/- 13.10) | VAE Loss: 0.5206 | RL Loss: 7.0996
[HLT] Iter  170 | Train R: 16.21 | Eval R: 16.75 (+/- 13.21) | VAE Loss: 0.5240 | RL Loss: 7.1777
[HLT] Iter  180 | Train R: 15.32 | Eval R: 17.01 (+/- 9.72) | VAE Loss: 0.5160 | RL Loss: 9.7105
[HLT] Iter  190 | Train R: 12.62 | Eval R: 18.75 (+/- 9.51) | VAE Loss: 0.4694 | RL Loss: 6.7213
[HLT] Iter  200 | Train R: 15.28 | Eval R: 17.92 (+/- 8.20) | VAE Loss: 0.4817 | RL Loss: 7.5805
[HLT] Iter  210 | Train R: 14.03 | Eval R: 15.71 (+/- 11.69) | VAE Loss: 0.4901 | RL Loss: 7.0185
[HLT] Iter  220 | Train R: 19.13 | Eval R: 19.82 (+/- 13.67) | VAE Loss: 0.5258 | RL Loss: 11.2966
[HLT] Iter  230 | Train R: 16.36 | Eval R: 17.14 (+/- 13.97) | VAE Loss: 0.5342 | RL Loss: 11.7076
[HLT] Iter  240 | Train R: 17.55 | Eval R: 21.12 (+/- 16.19) | VAE Loss: 0.5108 | RL Loss: 13.2194
[HLT] Iter  250 | Train R: 13.89 | Eval R: 14.02 (+/- 8.97) | VAE Loss: 0.4715 | RL Loss: 10.2817
[HLT] Iter  260 | Train R: 13.70 | Eval R: 17.84 (+/- 12.51) | VAE Loss: 0.5061 | RL Loss: 8.9081
[HLT] Iter  270 | Train R: 22.07 | Eval R: 18.04 (+/- 13.46) | VAE Loss: 0.5340 | RL Loss: 8.7853
[HLT] Iter  280 | Train R: 18.68 | Eval R: 19.63 (+/- 9.36) | VAE Loss: 0.4993 | RL Loss: 9.5512
[HLT] Iter  290 | Train R: 17.76 | Eval R: 17.60 (+/- 9.14) | VAE Loss: 0.5145 | RL Loss: 10.0240
[HLT] Iter  300 | Train R: 17.02 | Eval R: 14.72 (+/- 9.26) | VAE Loss: 0.5095 | RL Loss: 10.9131
[HLT] Iter  310 | Train R: 21.57 | Eval R: 18.43 (+/- 12.84) | VAE Loss: 0.5480 | RL Loss: 10.1462
[HLT] Iter  320 | Train R: 21.14 | Eval R: 18.63 (+/- 16.96) | VAE Loss: 0.4798 | RL Loss: 12.3412
[HLT] Iter  330 | Train R: 17.23 | Eval R: 20.45 (+/- 12.55) | VAE Loss: 0.5030 | RL Loss: 11.7426
[HLT] Iter  340 | Train R: 15.34 | Eval R: 21.86 (+/- 12.00) | VAE Loss: 0.4712 | RL Loss: 8.3229
    >>> [HLT] New Best Saved: checkpoints_hlt/run_2025-12-09_14-49-54/best_model_2025-12-09_14-49-54_iter340.pt! Reward: 21.86
[HLT] Iter  350 | Train R: 18.82 | Eval R: 17.52 (+/- 15.06) | VAE Loss: 0.5459 | RL Loss: 13.4247
[HLT] Iter  360 | Train R: 19.66 | Eval R: 22.20 (+/- 12.29) | VAE Loss: 0.4765 | RL Loss: 14.4515
    >>> [HLT] New Best Saved: checkpoints_hlt/run_2025-12-09_14-49-54/best_model_2025-12-09_14-49-54_iter360.pt! Reward: 22.20
[HLT] Iter  370 | Train R: 15.40 | Eval R: 22.05 (+/- 14.86) | VAE Loss: 0.4815 | RL Loss: 7.3086
[HLT] Iter  380 | Train R: 16.60 | Eval R: 12.60 (+/- 7.67) | VAE Loss: 0.4930 | RL Loss: 10.0317
[HLT] Iter  390 | Train R: 17.34 | Eval R: 27.28 (+/- 12.73) | VAE Loss: 0.5228 | RL Loss: 7.5631
    >>> [HLT] New Best Saved: checkpoints_hlt/run_2025-12-09_14-49-54/best_model_2025-12-09_14-49-54_iter390.pt! Reward: 27.28
[HLT] Iter  400 | Train R: 15.11 | Eval R: 22.06 (+/- 9.42) | VAE Loss: 0.4912 | RL Loss: 7.5559
[HLT] Iter  410 | Train R: 16.78 | Eval R: 28.46 (+/- 11.01) | VAE Loss: 0.5073 | RL Loss: 9.7212
    >>> [HLT] New Best Saved: checkpoints_hlt/run_2025-12-09_14-49-54/best_model_2025-12-09_14-49-54_iter410.pt! Reward: 28.46
[HLT] Iter  420 | Train R: 13.59 | Eval R: 20.13 (+/- 7.71) | VAE Loss: 0.4602 | RL Loss: 7.0842
[HLT] Iter  430 | Train R: 17.81 | Eval R: 18.15 (+/- 7.77) | VAE Loss: 0.5273 | RL Loss: 7.7722
[HLT] Iter  440 | Train R: 19.95 | Eval R: 16.95 (+/- 7.78) | VAE Loss: 0.4990 | RL Loss: 12.5811
[HLT] Iter  450 | Train R: 19.71 | Eval R: 16.72 (+/- 14.27) | VAE Loss: 0.5006 | RL Loss: 16.0034
[HLT] Iter  460 | Train R: 16.32 | Eval R: 14.87 (+/- 10.58) | VAE Loss: 0.4932 | RL Loss: 7.9690
[HLT] Iter  470 | Train R: 14.46 | Eval R: 17.69 (+/- 8.65) | VAE Loss: 0.4778 | RL Loss: 6.4772
[HLT] Iter  480 | Train R: 17.55 | Eval R: 20.32 (+/- 9.24) | VAE Loss: 0.4802 | RL Loss: 10.4557
[HLT] Iter  490 | Train R: 18.39 | Eval R: 21.73 (+/- 11.24) | VAE Loss: 0.4719 | RL Loss: 10.3945
[HLT] Iter  500 | Train R: 19.86 | Eval R: 22.36 (+/- 15.25) | VAE Loss: 0.5169 | RL Loss: 13.7526
[HLT] Iter  510 | Train R: 20.40 | Eval R: 25.73 (+/- 12.26) | VAE Loss: 0.4687 | RL Loss: 10.3975
[HLT] Iter  520 | Train R: 21.27 | Eval R: 20.43 (+/- 12.63) | VAE Loss: 0.4819 | RL Loss: 16.4904
[HLT] Iter  530 | Train R: 15.13 | Eval R: 15.17 (+/- 7.03) | VAE Loss: 0.4773 | RL Loss: 8.5395
[HLT] Iter  540 | Train R: 18.91 | Eval R: 13.85 (+/- 7.08) | VAE Loss: 0.4879 | RL Loss: 8.8215
[HLT] Iter  550 | Train R: 20.42 | Eval R: 22.90 (+/- 12.48) | VAE Loss: 0.5174 | RL Loss: 15.4232
[HLT] Iter  560 | Train R: 17.78 | Eval R: 18.13 (+/- 11.83) | VAE Loss: 0.5171 | RL Loss: 7.2664
[HLT] Iter  570 | Train R: 16.56 | Eval R: 22.48 (+/- 12.01) | VAE Loss: 0.4743 | RL Loss: 9.0538
[HLT] Iter  580 | Train R: 17.59 | Eval R: 9.32 (+/- 6.59) | VAE Loss: 0.5082 | RL Loss: 13.7756
[HLT] Iter  590 | Train R: 18.26 | Eval R: 24.76 (+/- 13.57) | VAE Loss: 0.5209 | RL Loss: 8.2610
[HLT] Iter  600 | Train R: 24.59 | Eval R: 21.32 (+/- 14.31) | VAE Loss: 0.5171 | RL Loss: 15.5911
[HLT] Iter  610 | Train R: 22.22 | Eval R: 22.05 (+/- 12.85) | VAE Loss: 0.5087 | RL Loss: 12.0130
[HLT] Iter  620 | Train R: 21.95 | Eval R: 18.12 (+/- 14.77) | VAE Loss: 0.5324 | RL Loss: 14.3066
[HLT] Iter  630 | Train R: 17.93 | Eval R: 21.16 (+/- 13.58) | VAE Loss: 0.5604 | RL Loss: 10.5737
[HLT] Iter  640 | Train R: 18.02 | Eval R: 18.66 (+/- 11.90) | VAE Loss: 0.4816 | RL Loss: 8.6972
[HLT] Iter  650 | Train R: 17.28 | Eval R: 21.80 (+/- 12.88) | VAE Loss: 0.5190 | RL Loss: 8.0371
[HLT] Iter  660 | Train R: 21.81 | Eval R: 19.77 (+/- 14.46) | VAE Loss: 0.4831 | RL Loss: 12.4107
[HLT] Iter  670 | Train R: 22.91 | Eval R: 22.27 (+/- 10.22) | VAE Loss: 0.5528 | RL Loss: 10.3889
[HLT] Iter  680 | Train R: 15.59 | Eval R: 25.33 (+/- 9.87) | VAE Loss: 0.4969 | RL Loss: 9.3603
[HLT] Iter  690 | Train R: 19.47 | Eval R: 11.85 (+/- 10.48) | VAE Loss: 0.4767 | RL Loss: 9.0439
[HLT] Iter  700 | Train R: 16.97 | Eval R: 15.76 (+/- 9.48) | VAE Loss: 0.5246 | RL Loss: 9.0777
[HLT] Iter  710 | Train R: 14.18 | Eval R: 16.62 (+/- 4.87) | VAE Loss: 0.5034 | RL Loss: 9.1041
[HLT] Iter  720 | Train R: 21.50 | Eval R: 18.59 (+/- 9.41) | VAE Loss: 0.4868 | RL Loss: 11.7850
[HLT] Iter  730 | Train R: 22.96 | Eval R: 25.13 (+/- 11.78) | VAE Loss: 0.4926 | RL Loss: 15.6838
[HLT] Iter  740 | Train R: 22.17 | Eval R: 20.55 (+/- 10.74) | VAE Loss: 0.4925 | RL Loss: 11.5916
[HLT] Iter  750 | Train R: 19.36 | Eval R: 20.37 (+/- 9.82) | VAE Loss: 0.4751 | RL Loss: 9.1700
[HLT] Iter  760 | Train R: 13.09 | Eval R: 12.75 (+/- 7.78) | VAE Loss: 0.5038 | RL Loss: 6.9041
[HLT] Iter  770 | Train R: 23.96 | Eval R: 23.11 (+/- 17.43) | VAE Loss: 0.4896 | RL Loss: 11.7212
[HLT] Iter  780 | Train R: 15.03 | Eval R: 13.42 (+/- 10.65) | VAE Loss: 0.4664 | RL Loss: 8.9514
[HLT] Iter  790 | Train R: 18.84 | Eval R: 11.82 (+/- 6.91) | VAE Loss: 0.4985 | RL Loss: 12.1479
[HLT] Iter  800 | Train R: 17.47 | Eval R: 22.65 (+/- 12.12) | VAE Loss: 0.5214 | RL Loss: 7.6109
[HLT] Iter  810 | Train R: 19.54 | Eval R: 14.06 (+/- 11.27) | VAE Loss: 0.4576 | RL Loss: 12.4525
[HLT] Iter  820 | Train R: 19.07 | Eval R: 15.60 (+/- 7.22) | VAE Loss: 0.4660 | RL Loss: 11.8106
[HLT] Iter  830 | Train R: 21.23 | Eval R: 17.95 (+/- 8.98) | VAE Loss: 0.4613 | RL Loss: 11.9399
[HLT] Iter  840 | Train R: 25.13 | Eval R: 12.76 (+/- 10.28) | VAE Loss: 0.5458 | RL Loss: 15.5371
[HLT] Iter  850 | Train R: 14.81 | Eval R: 17.92 (+/- 14.40) | VAE Loss: 0.5045 | RL Loss: 7.3722
[HLT] Iter  860 | Train R: 18.80 | Eval R: 20.97 (+/- 16.25) | VAE Loss: 0.5242 | RL Loss: 8.0432
[HLT] Iter  870 | Train R: 17.11 | Eval R: 17.98 (+/- 13.23) | VAE Loss: 0.4870 | RL Loss: 9.7140
[HLT] Iter  880 | Train R: 19.19 | Eval R: 14.54 (+/- 8.94) | VAE Loss: 0.5520 | RL Loss: 8.4832
[HLT] Iter  890 | Train R: 16.67 | Eval R: 19.87 (+/- 10.66) | VAE Loss: 0.4606 | RL Loss: 9.1720
[HLT] Iter  900 | Train R: 17.64 | Eval R: 20.23 (+/- 12.64) | VAE Loss: 0.5025 | RL Loss: 8.7544
[HLT] Iter  910 | Train R: 20.12 | Eval R: 16.28 (+/- 14.80) | VAE Loss: 0.4434 | RL Loss: 10.2508
[HLT] Iter  920 | Train R: 17.03 | Eval R: 15.30 (+/- 9.75) | VAE Loss: 0.5181 | RL Loss: 7.8153
[HLT] Iter  930 | Train R: 11.68 | Eval R: 18.11 (+/- 6.71) | VAE Loss: 0.4631 | RL Loss: 7.4992
[HLT] Iter  940 | Train R: 12.61 | Eval R: 15.09 (+/- 8.66) | VAE Loss: 0.4577 | RL Loss: 5.9739
[HLT] Iter  950 | Train R: 12.89 | Eval R: 15.90 (+/- 14.19) | VAE Loss: 0.4704 | RL Loss: 5.7623
[HLT] Iter  960 | Train R: 15.77 | Eval R: 19.00 (+/- 13.94) | VAE Loss: 0.4616 | RL Loss: 7.7189
[HLT] Iter  970 | Train R: 15.22 | Eval R: 14.03 (+/- 10.34) | VAE Loss: 0.5072 | RL Loss: 9.4165
[HLT] Iter  980 | Train R: 22.25 | Eval R: 17.03 (+/- 8.36) | VAE Loss: 0.4773 | RL Loss: 13.6300
[HLT] Iter  990 | Train R: 17.28 | Eval R: 15.61 (+/- 12.09) | VAE Loss: 0.4871 | RL Loss: 9.0775
[HLT] Iter 1000 | Train R: 16.48 | Eval R: 19.52 (+/- 12.86) | VAE Loss: 0.5071 | RL Loss: 8.2141
[HLT] Training Complete. Best Eval Reward: 28.46
